This is e-pTeX, Version 3.14159265-p3.8.3-191112-2.6 (utf8.euc) (TeX Live 2020) (preloaded format=platex 2021.1.6)  23 JAN 2021 19:15
entering extended mode
 \write18 enabled.
 Source specials enabled.
 %&-line parsing enabled.
**/Users/atsushi/works/ÂçíË´ñLatex2/main.tex
(/Users/atsushi/works/Â^^8d^^92Ëå´^^96Latex2/main.tex
pLaTeX2e <2020-10-01>+1 (based on LaTeX2e <2020-10-01> patch level 3)
L3 programming layer <2020-12-07> xparse <2020-03-03> (/usr/local/texlive/2020/texmf-dist/tex/latex/bxjscls/bxjsreport.cls
Document Class: bxjsreport 2020/10/16 v2.4 BXJS document classes
(/usr/local/texlive/2020/texmf-dist/tex/latex/tools/calc.sty
Package: calc 2017/05/25 v4.3 Infix arithmetic (KKT,FJ)
\calc@Acount=\count176
\calc@Bcount=\count177
\calc@Adimen=\dimen154
\calc@Bdimen=\dimen155
\calc@Askip=\skip47
\calc@Bskip=\skip48
LaTeX Info: Redefining \setlength on input line 80.
LaTeX Info: Redefining \addtolength on input line 81.
\calc@Ccount=\count178
\calc@Cskip=\skip49
) (/usr/local/texlive/2020/texmf-dist/tex/latex/graphics/keyval.sty
Package: keyval 2014/10/28 v1.15 key=value parser (DPC)
\KV@toks@=\toks16
) (/usr/local/texlive/2020/texmf-dist/tex/latex/bxjscls/bxjscompat.sty
Package: bxjscompat 2020/10/16 v2.4 BXJS document classes
) (/usr/local/texlive/2020/texmf-dist/tex/generic/iftex/ifpdf.sty
Package: ifpdf 2019/10/25 v3.4 ifpdf legacy package. Use iftex instead.
 (/usr/local/texlive/2020/texmf-dist/tex/generic/iftex/iftex.sty
Package: iftex 2020/03/06 v1.0d TeX engine tests
))
\stockwidth=\dimen156
\stockheight=\dimen157
\jsc@mpt=\dimen158
\jsc@mmm=\dimen159
\jsZw=\dimen160
\jsc@smallskipamount=\skip50
\fullwidth=\dimen161
 (/usr/local/texlive/2020/texmf-dist/tex/latex/geometry/geometry.sty
Package: geometry 2020/01/02 v5.9 Page Geometry
 (/usr/local/texlive/2020/texmf-dist/tex/generic/iftex/ifvtex.sty
Package: ifvtex 2019/10/25 v1.7 ifvtex legacy package. Use iftex instead.
)
\Gm@cnth=\count179
\Gm@cntv=\count180
\c@Gm@tempcnt=\count181
\Gm@bindingoffset=\dimen162
\Gm@wd@mp=\dimen163
\Gm@odd@mp=\dimen164
\Gm@even@mp=\dimen165
\Gm@layoutwidth=\dimen166
\Gm@layoutheight=\dimen167
\Gm@layouthoffset=\dimen168
\Gm@layoutvoffset=\dimen169
\Gm@dimlist=\toks17
)
\c@part=\count182
\c@chapter=\count183
\c@section=\count184
\c@subsection=\count185
\c@subsubsection=\count186
\c@paragraph=\count187
\c@subparagraph=\count188
\@abstractbox=\box64
\c@figure=\count189
\c@table=\count190
\abovecaptionskip=\skip51
\belowcaptionskip=\skip52
\jsc@tocl@width=\dimen170
\@lnumwidth=\dimen171
\bibindent=\dimen172
 (/usr/local/texlive/2020/texmf-dist/tex/latex/bxwareki/bxwareki.sty
Package: bxwareki 2019/06/01 v0.6
\c@warekiyear=\count191
 (/usr/local/texlive/2020/texmf-dist/tex/latex/bxwareki/bxwareki-cd.def
File: bxwareki-cd.def 2019/06/01 v0.6
)) (/usr/local/texlive/2020/texmf-dist/tex/latex/bxjscls/bxjsja-standard.def
File: bxjsja-standard.def 2020/10/16 v2.4 BXJS document classes
 (/usr/local/texlive/2020/texmf-dist/tex/latex/bxjscls/bxjsja-minimal.def
File: bxjsja-minimal.def 2020/10/16 v2.4 BXJS document classes
LaTeX Info: Redefining \textmc on input line 239.
LaTeX Info: Redefining \textgt on input line 240.
LaTeX Font Info:    Font shape `JT1/mc/m/n' will be
(Font)              scaled to size 9.61014pt on input line 244.
LaTeX Font Info:    Font shape `JY1/mc/m/n' will be
(Font)              scaled to size 9.61014pt on input line 244.
)
\symmincho=\mathgroup4
LaTeX Font Info:    Overwriting symbol font `mincho' in version `bold'
(Font)                  JY1/mc/m/n --> JY1/gt/m/n on input line 430.
LaTeX Info: Redefining \textmc on input line 704.
LaTeX Info: Redefining \textgt on input line 705.
)) (/usr/local/texlive/2020/texmf-dist/tex/latex/graphics/graphicx.sty
Package: graphicx 2020/09/09 v1.2b Enhanced LaTeX Graphics (DPC,SPQR)
 (/usr/local/texlive/2020/texmf-dist/tex/latex/graphics/graphics.sty
Package: graphics 2020/08/30 v1.4c Standard LaTeX Graphics (DPC,SPQR)
 (/usr/local/texlive/2020/texmf-dist/tex/latex/graphics/trig.sty
Package: trig 2016/01/03 v1.10 sin cos tan (DPC)
) (/usr/local/texlive/2020/texmf-dist/tex/latex/graphics-cfg/graphics.cfg
File: graphics.cfg 2016/06/04 v1.11 sample graphics configuration
)
Package graphics Info: Driver file: dvipdfmx.def on input line 105.
 (/usr/local/texlive/2020/texmf-dist/tex/latex/graphics-def/dvipdfmx.def
File: dvipdfmx.def 2020/08/26 v5.0h Graphics/color driver for dvipdfmx
))
\Gin@req@height=\dimen173
\Gin@req@width=\dimen174
) (/usr/local/texlive/2020/texmf-dist/tex/latex/amsmath/amsmath.sty
Package: amsmath 2020/09/23 v2.17i AMS math features
\@mathmargin=\skip53

For additional information on amsmath, use the `?' option.
(/usr/local/texlive/2020/texmf-dist/tex/latex/amsmath/amstext.sty
Package: amstext 2000/06/29 v2.01 AMS text
 (/usr/local/texlive/2020/texmf-dist/tex/latex/amsmath/amsgen.sty
File: amsgen.sty 1999/11/30 v2.0 generic functions
\@emptytoks=\toks18
\ex@=\dimen175
)) (/usr/local/texlive/2020/texmf-dist/tex/latex/amsmath/amsbsy.sty
Package: amsbsy 1999/11/29 v1.2d Bold Symbols
\pmbraise@=\dimen176
) (/usr/local/texlive/2020/texmf-dist/tex/latex/amsmath/amsopn.sty
Package: amsopn 2016/03/08 v2.02 operator names
)
\inf@bad=\count192
LaTeX Info: Redefining \frac on input line 234.
\uproot@=\count193
\leftroot@=\count194
LaTeX Info: Redefining \overline on input line 399.
\classnum@=\count195
\DOTSCASE@=\count196
LaTeX Info: Redefining \ldots on input line 496.
LaTeX Info: Redefining \dots on input line 499.
LaTeX Info: Redefining \cdots on input line 620.
\Mathstrutbox@=\box65
\strutbox@=\box66
\big@size=\dimen177
LaTeX Font Info:    Redeclaring font encoding OML on input line 743.
LaTeX Font Info:    Redeclaring font encoding OMS on input line 744.
\macc@depth=\count197
\c@MaxMatrixCols=\count198
\dotsspace@=\muskip16
\c@parentequation=\count199
\dspbrk@lvl=\count266
\tag@help=\toks19
\row@=\count267
\column@=\count268
\maxfields@=\count269
\andhelp@=\toks20
\eqnshift@=\dimen178
\alignsep@=\dimen179
\tagshift@=\dimen180
\tagwidth@=\dimen181
\totwidth@=\dimen182
\lineht@=\dimen183
\@envbody=\toks21
\multlinegap=\skip54
\multlinetaggap=\skip55
\mathdisplay@stack=\toks22
LaTeX Info: Redefining \[ on input line 2923.
LaTeX Info: Redefining \] on input line 2924.
) (/usr/local/texlive/2020/texmf-dist/tex/latex/comment/comment.sty
\CommentStream=\write3
 Excluding comment 'comment') (/usr/local/texlive/2020/texmf-dist/tex/latex/l3backend/l3backend-dvips.def
File: l3backend-dvips.def 2020-09-24 L3 backend support: dvips
\l__pdf_internal_box=\box67
\g__pdf_backend_object_int=\count270
\l__pdf_backend_content_box=\box68
\l__pdf_backend_model_box=\box69
\g__pdf_backend_annotation_int=\count271
\g__pdf_backend_link_int=\count272
\g__pdf_backend_link_sf_int=\count273
) (./main.aux (./abstract.aux) (./introduction.aux) (./principle.aux) (./experimental_device.aux) (./data.aux) (./analysis.aux) (./consideration.aux) (./conclusion.aux) (./acknowledgments.aux) (./references.aux) (./figures.aux) (./tables.aux))
\openout1 = `main.aux'.

LaTeX Font Info:    Checking defaults for OML/cmm/m/it on input line 19.
LaTeX Font Info:    ... okay on input line 19.
LaTeX Font Info:    Checking defaults for OMS/cmsy/m/n on input line 19.
LaTeX Font Info:    ... okay on input line 19.
LaTeX Font Info:    Checking defaults for OT1/cmr/m/n on input line 19.
LaTeX Font Info:    ... okay on input line 19.
LaTeX Font Info:    Checking defaults for T1/cmr/m/n on input line 19.
LaTeX Font Info:    ... okay on input line 19.
LaTeX Font Info:    Checking defaults for TS1/cmr/m/n on input line 19.
LaTeX Font Info:    ... okay on input line 19.
LaTeX Font Info:    Checking defaults for OMX/cmex/m/n on input line 19.
LaTeX Font Info:    ... okay on input line 19.
LaTeX Font Info:    Checking defaults for U/cmr/m/n on input line 19.
LaTeX Font Info:    ... okay on input line 19.
LaTeX Font Info:    Checking defaults for JY1/mc/m/n on input line 19.
LaTeX Font Info:    ... okay on input line 19.
LaTeX Font Info:    Checking defaults for JT1/mc/m/n on input line 19.
LaTeX Font Info:    ... okay on input line 19.

*geometry* driver: auto-detecting
*geometry* detected driver: dvips
*geometry* verbose mode - [ preamble ] result:
* driver: dvips
* paper: a4paper
* layout: <same size as paper>
* layoutoffset:(h,v)=(0.0pt,0.0pt)
* hratio: 1:1
* vratio: 1:1
* modes: includehead includefoot truedimen 
* h-part:(L,W,R)=(71.70259pt, 454.10269pt, 71.70259pt)
* v-part:(T,H,B)=(71.8282pt, 701.39043pt, 71.82822pt)
* \paperwidth=597.50787pt
* \paperheight=845.04684pt
* \textwidth=453.10944pt
* \textheight=634.0pt
* \oddsidemargin=-0.07077pt
* \evensidemargin=-0.07077pt
* \topmargin=-5.2045pt
* \headheight=20.0pt
* \headsep=18.45792pt
* \topskip=10.0pt
* \footskip=28.45792pt
* \marginparwidth=18.49426pt
* \marginparsep=18.49426pt
* \columnsep=18.49426pt
* \skip\footins=16.0pt plus 5.0pt minus 2.0pt
* \hoffset=0.0pt
* \voffset=0.0pt
* \mag=1000
* \@twocolumnfalse
* \@twosidefalse
* \@mparswitchfalse
* \@reversemarginfalse
* (1in=72.27pt=25.4mm, 1cm=28.453pt)

LaTeX Font Info:    Font shape `JT1/mc/m/n' will be
(Font)              scaled to size 16.60631pt on input line 21.
LaTeX Font Info:    Font shape `JY1/mc/m/n' will be
(Font)              scaled to size 16.60631pt on input line 21.
LaTeX Font Info:    Font shape `JT1/mc/m/n' will be
(Font)              scaled to size 11.53217pt on input line 21.
LaTeX Font Info:    Font shape `JY1/mc/m/n' will be
(Font)              scaled to size 11.53217pt on input line 21.
LaTeX Font Info:    Font shape `JY1/mc/m/n' will be
(Font)              scaled to size 7.68811pt on input line 21.
LaTeX Font Info:    Font shape `JY1/mc/m/n' will be
(Font)              scaled to size 5.76608pt on input line 21.
[1

]
\openout2 = `abstract.aux'.

 (./abstract.tex
LaTeX Font Info:    Font shape `JT1/gt/m/n' will be
(Font)              scaled to size 9.61014pt on input line 1.
LaTeX Font Info:    Font shape `JY1/gt/m/n' will be
(Font)              scaled to size 9.61014pt on input line 1.
 [1

])
LaTeX Font Info:    Font shape `JT1/mc/m/n' will be
(Font)              scaled to size 23.91002pt on input line 26.
LaTeX Font Info:    Font shape `JY1/mc/m/n' will be
(Font)              scaled to size 23.91002pt on input line 26.
LaTeX Font Info:    Font shape `JT1/gt/m/n' will be
(Font)              scaled to size 23.91002pt on input line 26.
LaTeX Font Info:    Font shape `JY1/gt/m/n' will be
(Font)              scaled to size 23.91002pt on input line 26.
 (./main.toc
LaTeX Font Info:    Font shape `JY1/mc/m/n' will be
(Font)              scaled to size 6.7271pt on input line 3.
LaTeX Font Info:    Font shape `JY1/mc/m/n' will be
(Font)              scaled to size 4.80507pt on input line 3.
 [1



])
\tf@toc=\write4
\openout4 = `main.toc'.

 [2]
\openout2 = `introduction.aux'.

 (./introduction.tex
Á¨¨1Á´†
LaTeX Font Info:    Font shape `JT1/mc/m/n' will be
(Font)              scaled to size 19.93143pt on input line 1.
LaTeX Font Info:    Font shape `JY1/mc/m/n' will be
(Font)              scaled to size 19.93143pt on input line 1.
LaTeX Font Info:    Font shape `JT1/gt/m/n' will be
(Font)              scaled to size 19.93143pt on input line 1.
LaTeX Font Info:    Font shape `JY1/gt/m/n' will be
(Font)              scaled to size 19.93143pt on input line 1.
) [3


]
\openout2 = `principle.aux'.

 (./principle.tex
Á¨¨2Á´†
LaTeX Font Info:    Font shape `JT1/mc/m/n' will be
(Font)              scaled to size 13.8386pt on input line 3.
LaTeX Font Info:    Font shape `JY1/mc/m/n' will be
(Font)              scaled to size 13.8386pt on input line 3.
LaTeX Font Info:    Font shape `JT1/gt/m/n' will be
(Font)              scaled to size 13.8386pt on input line 3.
LaTeX Font Info:    Font shape `JY1/gt/m/n' will be
(Font)              scaled to size 13.8386pt on input line 3.
LaTeX Font Info:    Font shape `JT1/gt/m/n' will be
(Font)              scaled to size 11.53217pt on input line 5.
LaTeX Font Info:    Font shape `JY1/gt/m/n' will be
(Font)              scaled to size 11.53217pt on input line 5.
Class bxjsreport Info: Old font command '\rm' is used!!
(bxjsreport)           The first occurrence is on input line 25.
[4




] [5] [6]) [7]
\openout2 = `experimental_device.aux'.

 (./experimental_device.tex
Á¨¨3Á´†
) [8




]
\openout2 = `data.aux'.

 (./data.tex
Á¨¨4Á´†
) [9




]
\openout2 = `analysis.aux'.

 (./analysis.tex
Á¨¨5Á´†
) [10




]
\openout2 = `consideration.aux'.

 (./consideration.tex
Á¨¨6Á´†
) [11




]
\openout2 = `conclusion.aux'.

 (./conclusion.tex
Á¨¨7Á´†
) [12




]
\openout2 = `acknowledgments.aux'.

 (./acknowledgments.tex) [13




]
\openout2 = `references.aux'.

 (./references.tex
LaTeX Font Info:    Font shape `JT1/mc/bx/n' in size <10> not available
(Font)              Font shape `JT1/gt/m/n' tried instead on input line 5.
LaTeX Font Info:    Font shape `JT1/gt/m/n' will be
(Font)              scaled to size 9.61014pt on input line 5.
LaTeX Font Info:    Font shape `JY1/mc/bx/n' in size <10> not available
(Font)              Font shape `JY1/gt/m/n' tried instead on input line 5.
LaTeX Font Info:    Font shape `JY1/gt/m/n' will be
(Font)              scaled to size 9.61014pt on input line 5.
) [14




]
\openout2 = `figures.aux'.

 (./figures.tex (./main.lof)
\tf@lof=\write5
\openout5 = `main.lof'.

File: pictures/chamber-picture.png Graphic file (type bmp)
<pictures/chamber-picture.png>
LaTeX Font Info:    Font shape `JT1/mc/m/n' will be
(Font)              scaled to size 8.64912pt on input line 7.
LaTeX Font Info:    Font shape `JY1/mc/m/n' will be
(Font)              scaled to size 8.64912pt on input line 7.
File: pictures/chamber-simple.png Graphic file (type bmp)
<pictures/chamber-simple.png>
File: pictures/spectrometer-picture.png Graphic file (type bmp)
<pictures/spectrometer-picture.png>
File: pictures/picture-example.pdf Graphic file (type pdf)
<pictures/picture-example.pdf>
File: pictures/spectrum-example.pdf Graphic file (type pdf)
<pictures/spectrum-example.pdf>
File: pictures/back-spectrum-example.pdf Graphic file (type pdf)
<pictures/back-spectrum-example.pdf>
File: pictures/true-spectrum-example.pdf Graphic file (type pdf)
<pictures/true-spectrum-example.pdf>
File: pictures/pixel-to-wavelength.pdf Graphic file (type pdf)
<pictures/pixel-to-wavelength.pdf>
File: pictures/all-spectrum.pdf Graphic file (type pdf)
<pictures/all-spectrum.pdf>
File: pictures/voigt-fitting-1.pdf Graphic file (type pdf)
<pictures/voigt-fitting-1.pdf>
File: pictures/voigt-fitting-2.pdf Graphic file (type pdf)
<pictures/voigt-fitting-2.pdf>
File: pictures/upper-boltzmann-plot.pdf Graphic file (type pdf)
<pictures/upper-boltzmann-plot.pdf>
File: pictures/upper-fitting-0.pdf Graphic file (type pdf)
<pictures/upper-fitting-0.pdf>
File: pictures/upper-fitting-1.pdf Graphic file (type pdf)
<pictures/upper-fitting-1.pdf>
File: pictures/upper-fitting-2.pdf Graphic file (type pdf)
<pictures/upper-fitting-2.pdf>
File: pictures/fitting-result.pdf Graphic file (type pdf)
<pictures/fitting-result.pdf>
File: pictures/ground-state-n.pdf Graphic file (type pdf)
<pictures/ground-state-n.pdf>
File: pictures/voigt-fitting-3.pdf Graphic file (type pdf)
<pictures/voigt-fitting-3.pdf>
File: pictures/ishihara-upper-boltzmann.png Graphic file (type bmp)
<pictures/ishihara-upper-boltzmann.png>
) [15




] [16] [17] [18] [19] [20] [21] [22] [23] [24] [25] [26]
\openout2 = `tables.aux'.

 (./tables.tex (./main.lot)
\tf@lot=\write6
\openout6 = `main.lot'.

) [27




] [28]

Class bxjsreport Warning: Some old font commands were used in text:
(bxjsreport)                \rm
(bxjsreport)              You should note, that since 1994 LaTeX2e provides a
(bxjsreport)              new font selection scheme called NFSS2 with several
(bxjsreport)              new, combinable font commands. The class provides
(bxjsreport)              the old font commands only for compatibility.

(./main.aux (./abstract.aux) (./introduction.aux) (./principle.aux) (./experimental_device.aux) (./data.aux) (./analysis.aux) (./consideration.aux) (./conclusion.aux) (./acknowledgments.aux) (./references.aux) (./figures.aux) (./tables.aux)) ) 
Here is how much of TeX's memory you used:
 3280 strings out of 479782
 49402 string characters out of 5879727
 354657 words of memory out of 5000000
 20539 multiletter control sequences out of 15000+600000
 419503 words of font info for 102 fonts, out of 8000000 for 9000
 934 hyphenation exceptions out of 8191
 69i,19n,70p,519b,378s stack positions out of 5000i,500n,10000p,200000b,80000s

Output written on main.dvi (30 pages, 74724 bytes).
